<?xml version="1.0" encoding="UTF-8"?>
<!-- Generated by org.testng.reporters.JUnitReportReporter -->
<testsuite hostname="AmitYadav" failures="0" tests="1" name="testCases.AccountRegistrationTest" time="17.729" errors="0" timestamp="2024-10-15T17:36:54 IST" skipped="0">
  <testcase classname="testCases.AccountRegistrationTest" name="verify_account_registration" time="17.729"/>
</testsuite> <!-- testCases.AccountRegistrationTest -->
