<?xml version="1.0" encoding="UTF-8"?>
<!-- Generated by org.testng.reporters.JUnitReportReporter -->
<testsuite hostname="AmitYadav" failures="0" tests="1" name="testCases.AccountRegTestWithBase" time="1.987" errors="0" timestamp="2024-10-15T19:23:09 IST" skipped="0">
  <testcase classname="testCases.AccountRegTestWithBase" name="verify_account_registration" time="1.987"/>
</testsuite> <!-- testCases.AccountRegTestWithBase -->
